{"level":"info","message":"Request received: GET /api-docs","service":"restful-ne"}
{"level":"info","message":"Request received: GET /docs","service":"restful-ne"}
{"level":"info","message":"Request received: GET /docs/","service":"restful-ne"}
{"level":"info","message":"Request received: GET /docs/swagger-ui.css","service":"restful-ne"}
{"level":"info","message":"Request received: GET /docs/swagger-ui-bundle.js","service":"restful-ne"}
{"level":"info","message":"Request received: GET /docs/swagger-ui-standalone-preset.js","service":"restful-ne"}
{"level":"info","message":"Request received: GET /docs/swagger-ui-init.js","service":"restful-ne"}
{"level":"info","message":"Request received: GET /docs/swagger-ui-init.js","service":"restful-ne"}
{"level":"info","message":"Request received: GET /docs/swagger-ui-standalone-preset.js","service":"restful-ne"}
{"level":"info","message":"Request received: GET /docs/swagger-ui-bundle.js","service":"restful-ne"}
{"level":"info","message":"Request received: GET /docs/favicon-32x32.png","service":"restful-ne"}
{"level":"info","message":"Request received: GET /docs/favicon-32x32.png","service":"restful-ne"}
{"level":"info","message":"Request received: GET /docs/","service":"restful-ne"}
{"level":"info","message":"Request received: GET /docs/swagger-ui.css","service":"restful-ne"}
{"level":"info","message":"Request received: GET /docs/swagger-ui-bundle.js","service":"restful-ne"}
{"level":"info","message":"Request received: GET /docs/swagger-ui-standalone-preset.js","service":"restful-ne"}
{"level":"info","message":"Request received: GET /docs/swagger-ui-init.js","service":"restful-ne"}
{"level":"info","message":"Request received: GET /docs/swagger-ui-bundle.js","service":"restful-ne"}
{"level":"info","message":"Request received: GET /docs/swagger-ui-init.js","service":"restful-ne"}
{"level":"info","message":"Request received: GET /docs/swagger-ui-standalone-preset.js","service":"restful-ne"}
{"level":"info","message":"Request received: GET /docs/favicon-32x32.png","service":"restful-ne"}
{"level":"info","message":"Request received: GET /docs/favicon-32x32.png","service":"restful-ne"}
{"level":"info","message":"Request received: GET /docs/","service":"restful-ne"}
{"level":"info","message":"Request received: GET /docs/swagger-ui.css","service":"restful-ne"}
{"level":"info","message":"Request received: GET /docs/swagger-ui-bundle.js","service":"restful-ne"}
{"level":"info","message":"Request received: GET /docs/swagger-ui-init.js","service":"restful-ne"}
{"level":"info","message":"Request received: GET /docs/swagger-ui-standalone-preset.js","service":"restful-ne"}
{"level":"info","message":"Request received: GET /docs/swagger-ui-init.js","service":"restful-ne"}
{"level":"info","message":"Request received: GET /docs/swagger-ui-standalone-preset.js","service":"restful-ne"}
{"level":"info","message":"Request received: GET /docs/swagger-ui-bundle.js","service":"restful-ne"}
{"level":"info","message":"Request received: GET /docs/favicon-32x32.png","service":"restful-ne"}
{"level":"info","message":"Request received: GET /docs/","service":"restful-ne"}
{"level":"info","message":"Request received: GET /docs/swagger-ui.css","service":"restful-ne"}
{"level":"info","message":"Request received: GET /docs/swagger-ui-bundle.js","service":"restful-ne"}
{"level":"info","message":"Request received: GET /docs/swagger-ui-standalone-preset.js","service":"restful-ne"}
{"level":"info","message":"Request received: GET /docs/swagger-ui-bundle.js","service":"restful-ne"}
{"level":"info","message":"Request received: GET /docs/swagger-ui-standalone-preset.js","service":"restful-ne"}
{"level":"info","message":"Request received: GET /docs/swagger-ui-init.js","service":"restful-ne"}
{"level":"info","message":"Request received: GET /docs/favicon-32x32.png","service":"restful-ne"}
{"level":"info","message":"Request received: GET /docs/favicon-32x32.png","service":"restful-ne"}
{"level":"info","message":"Request received: GET /docs/swagger-ui-init.js","service":"restful-ne"}
{"level":"info","message":"Request received: POST /api/auth/register","service":"restful-ne"}
{"level":"info","message":"Request received: POST /api/auth/register","service":"restful-ne"}
{"level":"info","message":"Request received: POST /api/auth/register","service":"restful-ne"}
{"level":"info","message":"Request received: POST /api/auth/login","service":"restful-ne"}
{"level":"info","message":"Request received: GET /api/auth/me","service":"restful-ne"}
{"level":"info","message":"Request received: GET /api/auth/me","service":"restful-ne"}
{"level":"info","message":"Request received: GET /docs/","service":"restful-ne"}
{"level":"info","message":"Request received: GET /docs/swagger-ui.css","service":"restful-ne"}
{"level":"info","message":"Request received: GET /docs/swagger-ui-bundle.js","service":"restful-ne"}
{"level":"info","message":"Request received: GET /docs/swagger-ui-standalone-preset.js","service":"restful-ne"}
{"level":"info","message":"Request received: GET /docs/swagger-ui-init.js","service":"restful-ne"}
{"level":"info","message":"Request received: GET /docs/favicon-32x32.png","service":"restful-ne"}
{"level":"info","message":"Request received: GET /docs/favicon-32x32.png","service":"restful-ne"}
{"level":"info","message":"Request received: POST /api/auth/login","service":"restful-ne"}
{"level":"info","message":"Request received: GET /api/auth/me","service":"restful-ne"}
{"level":"info","message":"Request received: GET /api/auth/me","service":"restful-ne"}
{"level":"info","message":"Request received: GET /api/v1/swagger-ui.html","service":"restful-ne"}
{"level":"info","message":"Request received: GET /api-docs/","service":"restful-ne"}
{"level":"info","message":"Request received: GET /api-docs/swagger-ui.css","service":"restful-ne"}
{"level":"info","message":"Request received: GET /api-docs/swagger-ui-bundle.js","service":"restful-ne"}
{"level":"info","message":"Request received: GET /api-docs/swagger-ui-standalone-preset.js","service":"restful-ne"}
{"level":"info","message":"Request received: GET /api-docs/swagger-ui-init.js","service":"restful-ne"}
{"level":"info","message":"Request received: GET /api-docs/favicon-32x32.png","service":"restful-ne"}
{"level":"info","message":"Request received: GET /api-docs/favicon-32x32.png","service":"restful-ne"}
{"level":"info","message":"Request received: POST /api/v1/auth/login","service":"restful-ne"}
{"level":"info","message":"Request received: GET /api-docs/","service":"restful-ne"}
{"level":"info","message":"Request received: GET /api-docs/swagger-ui.css","service":"restful-ne"}
{"level":"info","message":"Request received: GET /api-docs/swagger-ui-bundle.js","service":"restful-ne"}
{"level":"info","message":"Request received: GET /api-docs/swagger-ui-standalone-preset.js","service":"restful-ne"}
{"level":"info","message":"Request received: GET /api-docs/swagger-ui-init.js","service":"restful-ne"}
{"level":"info","message":"Request received: GET /api-docs/favicon-32x32.png","service":"restful-ne"}
{"level":"info","message":"Request received: GET /api-sadfwedf","service":"restful-ne"}
{"level":"info","message":"Request received: GET /favicon.ico","service":"restful-ne"}
{"level":"info","message":"Request received: GET /api-docs/","service":"restful-ne"}
{"level":"info","message":"Request received: GET /api-docs/swagger-ui.css","service":"restful-ne"}
{"level":"info","message":"Request received: GET /api-docs/swagger-ui-bundle.js","service":"restful-ne"}
{"level":"info","message":"Request received: GET /api-docs/swagger-ui-standalone-preset.js","service":"restful-ne"}
{"level":"info","message":"Request received: GET /api-docs/swagger-ui-init.js","service":"restful-ne"}
{"level":"info","message":"Request received: GET /api-docs/favicon-32x32.png","service":"restful-ne"}
{"level":"info","message":"Request received: GET /api-docs/","service":"restful-ne"}
{"level":"info","message":"Request received: GET /api-docs/swagger-ui.css","service":"restful-ne"}
{"level":"info","message":"Request received: GET /api-docs/swagger-ui-bundle.js","service":"restful-ne"}
{"level":"info","message":"Request received: GET /api-docs/swagger-ui-standalone-preset.js","service":"restful-ne"}
{"level":"info","message":"Request received: GET /api-docs/swagger-ui-init.js","service":"restful-ne"}
{"level":"info","message":"Request received: GET /api-docs/favicon-32x32.png","service":"restful-ne"}
{"level":"info","message":"Request received: GET /api-docs/favicon-32x32.png","service":"restful-ne"}
{"level":"info","message":"Request received: POST /api/v1/auth/register","service":"restful-ne"}
{"level":"info","message":"Request received: OPTIONS /api/v1/auth/me","service":"restful-ne"}
{"level":"info","message":"Request received: GET /api/v1/auth/me","service":"restful-ne"}
{"level":"info","message":"Request received: GET /api/v1/auth/me","service":"restful-ne"}
{"level":"info","message":"Request received: OPTIONS /api/v1/auth/login","service":"restful-ne"}
{"level":"info","message":"Request received: POST /api/v1/auth/login","service":"restful-ne"}
{"level":"info","message":"Request received: OPTIONS /api/v1/auth/me","service":"restful-ne"}
{"level":"info","message":"Request received: OPTIONS /api/v1/auth/me","service":"restful-ne"}
{"level":"info","message":"Request received: GET /api/v1/auth/me","service":"restful-ne"}
{"level":"info","message":"Request received: GET /api/v1/auth/me","service":"restful-ne"}
{"level":"info","message":"Request received: OPTIONS /api/v1/auth/login","service":"restful-ne"}
{"level":"info","message":"Request received: POST /api/v1/auth/login","service":"restful-ne"}
{"level":"info","message":"Request received: OPTIONS /api/v1/auth/me","service":"restful-ne"}
{"level":"info","message":"Request received: OPTIONS /api/v1/auth/me","service":"restful-ne"}
{"level":"info","message":"Request received: GET /api/v1/auth/me","service":"restful-ne"}
{"level":"info","message":"Request received: GET /api/v1/auth/me","service":"restful-ne"}
{"level":"info","message":"Request received: OPTIONS /api/v1/auth/register","service":"restful-ne"}
{"level":"info","message":"Request received: POST /api/v1/auth/register","service":"restful-ne"}
{"level":"info","message":"Request received: OPTIONS /api/v1/auth/login","service":"restful-ne"}
{"level":"info","message":"Request received: POST /api/v1/auth/login","service":"restful-ne"}
{"level":"info","message":"Request received: OPTIONS /api/v1/auth/login","service":"restful-ne"}
{"level":"info","message":"Request received: POST /api/v1/auth/login","service":"restful-ne"}
{"level":"info","message":"Request received: POST /api/v1/auth/logout","service":"restful-ne"}
{"level":"info","message":"Request received: OPTIONS /api/v1/auth/login","service":"restful-ne"}
{"level":"info","message":"Request received: POST /api/v1/auth/login","service":"restful-ne"}
{"level":"info","message":"Request received: OPTIONS /api/v1/auth/login","service":"restful-ne"}
{"level":"info","message":"Request received: POST /api/v1/auth/login","service":"restful-ne"}
{"level":"info","message":"Request received: OPTIONS /api/v1/auth/login","service":"restful-ne"}
{"level":"info","message":"Request received: POST /api/v1/auth/login","service":"restful-ne"}
{"level":"info","message":"Request received: POST /api/v1/auth/logout","service":"restful-ne"}
{"level":"info","message":"Request received: OPTIONS /api/v1/auth/login","service":"restful-ne"}
{"level":"info","message":"Request received: POST /api/v1/auth/login","service":"restful-ne"}
{"level":"info","message":"Request received: OPTIONS /api/v1/auth/login","service":"restful-ne"}
{"level":"info","message":"Request received: POST /api/v1/auth/login","service":"restful-ne"}
{"level":"info","message":"Request received: OPTIONS /api/v1/auth/login","service":"restful-ne"}
{"level":"info","message":"Request received: POST /api/v1/auth/login","service":"restful-ne"}
